<?xml version="1.0" encoding="UTF-8"?>
<testsuite name="ru.netology.qa.UiAutomatorAPKTest" tests="2" skipped="0" failures="0" errors="0" timestamp="2023-05-17T16:36:44" hostname="ASUSVIVOBOOK" time="25.818">
  <properties/>
  <testcase name="textInNewActivity()" classname="ru.netology.qa.UiAutomatorAPKTest" time="13.653"/>
  <testcase name="checkEmptySymbol()" classname="ru.netology.qa.UiAutomatorAPKTest" time="12.164"/>
  <system-out><![CDATA[]]></system-out>
  <system-err><![CDATA[мая 17, 2023 10:36:53 PM io.appium.java_client.remote.AppiumCommandExecutor$1 lambda$0
INFO: Detected dialect: W3C
мая 17, 2023 10:37:05 PM io.appium.java_client.remote.AppiumCommandExecutor$1 lambda$0
INFO: Detected dialect: W3C
]]></system-err>
</testsuite>
