<?xml version="1.0" encoding="UTF-8"?>
<testsuite name="ru.netology.qa.UiAutomatorAPKTest" tests="1" skipped="0" failures="0" errors="0" timestamp="2023-05-14T15:46:26" hostname="ASUSVIVOBOOK" time="11.461">
  <properties/>
  <testcase name="textInNewActivity()" classname="ru.netology.qa.UiAutomatorAPKTest" time="11.461"/>
  <system-out><![CDATA[]]></system-out>
  <system-err><![CDATA[мая 14, 2023 9:46:33 PM io.appium.java_client.remote.AppiumCommandExecutor$1 lambda$0
INFO: Detected dialect: W3C
]]></system-err>
</testsuite>
